[01:40:45] [ServerMain/INFO]: Environment: authHost='https://authserver.mojang.com', accountsHost='https://api.mojang.com', sessionHost='https://sessionserver.mojang.com', servicesHost='https://api.minecraftservices.com', name='PROD'
[01:40:46] [ServerMain/WARN]: Invalid path in datapack: fokastudio:worldgen/biome/README.md, ignoring
[01:40:49] [ServerMain/INFO]: Loaded 7 recipes
[01:40:49] [Server thread/INFO]: Starting minecraft server version 1.20
[01:40:49] [Server thread/INFO]: Loading properties
[01:40:49] [Server thread/INFO]: This server is running Paper version git-Paper-17 (MC: 1.20) (Implementing API version 1.20-R0.1-SNAPSHOT) (Git: c287e92)
[01:40:49] [Server thread/INFO]: Server Ping Player Sample Count: 12
[01:40:49] [Server thread/INFO]: Using 4 threads for Netty based IO
[01:40:49] [Server thread/WARN]: [!] The timings profiler has been enabled but has been scheduled for removal from Paper in the future.
    We recommend installing the spark profiler as a replacement: https://spark.lucko.me/
    For more information please visit: https://github.com/PaperMC/Paper/issues/8948
[01:40:49] [Server thread/INFO]: [ChunkTaskScheduler] Chunk system is using 1 I/O threads, 1 worker threads, and gen parallelism of 1 threads
[01:40:50] [Server thread/INFO]: Default game type: SURVIVAL
[01:40:50] [Server thread/INFO]: Generating keypair
[01:40:50] [Server thread/INFO]: Starting Minecraft server on *:25565
[01:40:50] [Server thread/INFO]: Using epoll channel type
[01:40:50] [Server thread/INFO]: Paper: Using libdeflate (Linux x86_64) compression from Velocity.
[01:40:50] [Server thread/INFO]: Paper: Using OpenSSL 1.1.x (Linux x86_64) cipher from Velocity.
[01:40:50] [Server thread/INFO]: [SpigotLibraryLoader] [MythicMobs] Loading 4 libraries... please wait
[01:40:50] [Server thread/INFO]: [SpigotLibraryLoader] [MythicMobs] Loaded library /workspaces/server/servidor_minecraft/libraries/net/kyori/adventure-api/4.16.0/adventure-api-4.16.0.jar
[01:40:50] [Server thread/INFO]: [SpigotLibraryLoader] [MythicMobs] Loaded library /workspaces/server/servidor_minecraft/libraries/net/kyori/adventure-key/4.16.0/adventure-key-4.16.0.jar
[01:40:50] [Server thread/INFO]: [SpigotLibraryLoader] [MythicMobs] Loaded library /workspaces/server/servidor_minecraft/libraries/net/kyori/examination-api/1.3.0/examination-api-1.3.0.jar
[01:40:50] [Server thread/INFO]: [SpigotLibraryLoader] [MythicMobs] Loaded library /workspaces/server/servidor_minecraft/libraries/net/kyori/examination-string/1.3.0/examination-string-1.3.0.jar
[01:40:50] [Server thread/INFO]: [SpigotLibraryLoader] [MythicMobs] Loaded library /workspaces/server/servidor_minecraft/libraries/org/jetbrains/annotations/24.1.0/annotations-24.1.0.jar
[01:40:50] [Server thread/INFO]: [SpigotLibraryLoader] [MythicMobs] Loaded library /workspaces/server/servidor_minecraft/libraries/net/kyori/adventure-platform-bukkit/4.3.2/adventure-platform-bukkit-4.3.2.jar
[01:40:50] [Server thread/INFO]: [SpigotLibraryLoader] [MythicMobs] Loaded library /workspaces/server/servidor_minecraft/libraries/net/kyori/adventure-platform-api/4.3.2/adventure-platform-api-4.3.2.jar
[01:40:50] [Server thread/INFO]: [SpigotLibraryLoader] [MythicMobs] Loaded library /workspaces/server/servidor_minecraft/libraries/net/kyori/adventure-text-serializer-bungeecord/4.3.2/adventure-text-serializer-bungeecord-4.3.2.jar
[01:40:50] [Server thread/INFO]: [SpigotLibraryLoader] [MythicMobs] Loaded library /workspaces/server/servidor_minecraft/libraries/net/kyori/adventure-text-serializer-legacy/4.13.1/adventure-text-serializer-legacy-4.13.1.jar
[01:40:50] [Server thread/INFO]: [SpigotLibraryLoader] [MythicMobs] Loaded library /workspaces/server/servidor_minecraft/libraries/net/kyori/adventure-nbt/4.13.1/adventure-nbt-4.13.1.jar
[01:40:50] [Server thread/INFO]: [SpigotLibraryLoader] [MythicMobs] Loaded library /workspaces/server/servidor_minecraft/libraries/net/kyori/adventure-text-serializer-gson-legacy-impl/4.13.1/adventure-text-serializer-gson-legacy-impl-4.13.1.jar
[01:40:50] [Server thread/INFO]: [SpigotLibraryLoader] [MythicMobs] Loaded library /workspaces/server/servidor_minecraft/libraries/net/kyori/adventure-platform-facet/4.3.2/adventure-platform-facet-4.3.2.jar
[01:40:50] [Server thread/INFO]: [SpigotLibraryLoader] [MythicMobs] Loaded library /workspaces/server/servidor_minecraft/libraries/net/kyori/adventure-platform-viaversion/4.3.2/adventure-platform-viaversion-4.3.2.jar
[01:40:50] [Server thread/INFO]: [SpigotLibraryLoader] [MythicMobs] Loaded library /workspaces/server/servidor_minecraft/libraries/net/kyori/adventure-text-minimessage/4.16.0/adventure-text-minimessage-4.16.0.jar
[01:40:50] [Server thread/INFO]: [SpigotLibraryLoader] [MythicMobs] Loaded library /workspaces/server/servidor_minecraft/libraries/net/kyori/adventure-text-serializer-gson/4.16.0/adventure-text-serializer-gson-4.16.0.jar
[01:40:50] [Server thread/INFO]: [SpigotLibraryLoader] [MythicMobs] Loaded library /workspaces/server/servidor_minecraft/libraries/net/kyori/adventure-text-serializer-json/4.16.0/adventure-text-serializer-json-4.16.0.jar
[01:40:50] [Server thread/INFO]: [SpigotLibraryLoader] [MythicMobs] Loaded library /workspaces/server/servidor_minecraft/libraries/net/kyori/option/1.0.0/option-1.0.0.jar
[01:40:50] [Server thread/INFO]: [SpigotLibraryLoader] [MythicMobs] Loaded library /workspaces/server/servidor_minecraft/libraries/com/google/code/gson/gson/2.8.0/gson-2.8.0.jar
[01:40:51] [Server thread/INFO]: [eco] Initializing eco
[01:40:51] [Server thread/INFO]: [Minepacks] PCGF-PluginLib not installed. Switching to standalone mode!
[01:40:51] [Server thread/WARN]: [org.bukkit.craftbukkit.v1_20_R1.legacy.CraftLegacy] Initializing Legacy Material Support. Unless you have legacy plugins and/or data this is a bug!
[01:40:54] [Server thread/WARN]: Legacy plugin TNTAlert v1.0 does not specify an api-version.
[01:40:54] [Server thread/INFO]: [Talismans] Initializing Talismans
[01:40:54] [Server thread/INFO]: [LuckPerms] Loading server plugin LuckPerms v5.4.146
[01:40:55] [Server thread/INFO]: [ProtocolLib] Loading server plugin ProtocolLib v5.3.0
[01:40:55] [Server thread/INFO]: [MythicMobs] Loading server plugin MythicMobs v5.7.2-${CI_COMMIT_SHORT_SHA}
[01:40:55] [Server thread/INFO]: [LumineUtils] (io.lumine.mythic.bukkit.utils.) is bound to plugin MythicMobs - io.lumine.mythic.bukkit.MythicBukkit
[01:40:55] [Server thread/INFO]: [MythicMobs] §x§f§f§0§0§0§0M§x§f§f§6§6§0§0y§x§f§f§c§c§0§0t§x§c§b§f§f§0§0h§x§6§5§f§f§0§0i§x§0§0§f§f§0§0c§x§0§0§f§f§6§6 §x§0§0§f§f§c§bE§x§0§0§c§b§f§fn§x§0§0§6§5§f§fa§x§0§0§0§0§f§fb§x§6§6§0§0§f§fl§x§c§c§0§0§f§fe§x§f§f§0§0§c§cd§x§f§f§0§0§6§6!
[01:40:55] [Server thread/INFO]: [Essentials] Loading server plugin Essentials v2.21.0-dev+144-d31ff55
[01:40:55] [Server thread/INFO]: [AuraSkills] Loading server plugin AuraSkills v2.2.6
[01:40:55] [Server thread/INFO]: [LevelledMobs] Loading server plugin LevelledMobs v4.1.4.1 b78
[01:40:55] [Server thread/INFO]: [LevelledMobs] Loading commands
[01:40:55] [Server thread/INFO]: [eco] Loading server plugin eco v6.74.3
[01:40:55] [Server thread/INFO]: [BetterSleeping4] Loading server plugin BetterSleeping4 v4.0.2
[01:40:55] [Server thread/INFO]: [AdvancedEnchantments] Loading server plugin AdvancedEnchantments v9.11.4
[01:40:55] [Server thread/INFO]: [DeathCoordinates] Loading server plugin DeathCoordinates v1.12.1
[01:40:55] [Server thread/INFO]: [bloodmoon-advanced] Loading server plugin bloodmoon-advanced v4.5.7
[01:40:55] [Server thread/INFO]: [EliteMobs] Loading server plugin EliteMobs v9.1.11
[01:40:55] [Server thread/INFO]: [EliteMobs] MagmaCore v1.0 initialized!
[01:40:55] [Server thread/INFO]: [EliteMobs] Sanity check!
[01:40:55] [Server thread/WARN]: [EliteMobs] Error loading WorldGuard. EliteMob-specific flags will not work. Except if you just reloaded the plugin, in which case they will totally work.
[01:40:55] [Server thread/INFO]: [Graves] Loading server plugin Graves v4.9
[01:40:55] [Server thread/INFO]: [Elevators] Loading server plugin Elevators v4.0.18
[01:40:55] [Server thread/INFO]: [Minepacks] Loading server plugin Minepacks v2.4.31.4-T20240629215752
[01:40:55] [Server thread/INFO]: [EssentialsSpawn] Loading server plugin EssentialsSpawn v2.21.0-dev+144-d31ff55
[01:40:55] [Server thread/INFO]: [TNTAlert] Loading server plugin TNTAlert v1.0
[01:40:55] [Server thread/INFO]: [OpenInv] Loading server plugin OpenInv v5.1.3
[01:40:55] [Server thread/INFO]: [CombatWeaponryPlus] Loading server plugin CombatWeaponryPlus v1.5.7
[01:40:55] [Server thread/INFO]: [Talismans] Loading server plugin Talismans v6.69.6
[01:40:55] [Server thread/INFO]: [libreforge] Initializing libreforge
[01:40:55] [Server thread/INFO]: [libreforge] Loading server plugin libreforge v4.71.6
[01:40:55] [Server thread/INFO]: Server permissions file permissions.yml is empty, ignoring it
[01:40:55] [Server thread/INFO]: [LuckPerms] Enabling LuckPerms v5.4.146
[01:40:56] [Server thread/INFO]:         __    
[01:40:56] [Server thread/INFO]:   |    |__)   LuckPerms v5.4.146
[01:40:56] [Server thread/INFO]:   |___ |      Running on Bukkit - Paper
[01:40:56] [Server thread/INFO]: 
[01:40:56] [Server thread/INFO]: [LuckPerms] Loading configuration...
[01:40:56] [Server thread/INFO]: [LuckPerms] Loading storage provider... [H2]
[01:40:57] [Server thread/INFO]: [LuckPerms] Loading internal permission managers...
[01:40:57] [Server thread/INFO]: [LuckPerms] Performing initial data load...
[01:40:57] [Server thread/INFO]: [LuckPerms] Successfully enabled. (took 1711ms)
[01:40:57] [Server thread/INFO]: [ProtocolLib] Enabling ProtocolLib v5.3.0
[01:40:57] [Server thread/INFO]: [eco] Enabling eco v6.74.3
[01:40:57] [Server thread/INFO]: [eco] Loading eco
[01:40:57] [Server thread/INFO]: [eco] Loaded integrations: MythicMobs, Essentials
[01:40:57] [Server thread/INFO]: [eco] Scanning for conflicts...
[01:40:57] [Server thread/INFO]: [eco] No conflicts found!
[01:40:57] [Server thread/WARN]: **** SERVER IS RUNNING IN OFFLINE/INSECURE MODE!
[01:40:57] [Server thread/WARN]: The server will make no attempt to authenticate usernames. Beware.
[01:40:57] [Server thread/WARN]: While this makes the game possible to play without internet access, it also opens up the ability for hackers to connect with any username they choose.
[01:40:57] [Server thread/WARN]: To change this, set "online-mode" to "true" in the server.properties file.
[01:40:57] [Server thread/INFO]: Preparing level "world"
[01:40:58] [Server thread/INFO]: Preparing start region for dimension minecraft:overworld
[01:40:59] [Server thread/INFO]: Time elapsed: 255 ms
[01:40:59] [Server thread/INFO]: Preparing start region for dimension minecraft:the_nether
[01:40:59] [Server thread/INFO]: Time elapsed: 129 ms
[01:40:59] [Server thread/INFO]: Preparing start region for dimension minecraft:the_end
[01:40:59] [Server thread/INFO]: Time elapsed: 69 ms
[01:40:59] [Server thread/INFO]: [MythicMobs] Enabling MythicMobs v5.7.2-${CI_COMMIT_SHORT_SHA}
[01:40:59] [Server thread/INFO]: [MythicMobs] Loading MythicMobs for Paper (MC: 1.20.0)...
[01:40:59] [Server thread/INFO]: [MythicMobs] The server is running Paper; enabled Paper exclusive functionality
[01:41:02] [Server thread/INFO]: [MythicMobs] Mythic ProtocolLib Support has been enabled!
[01:41:02] [Server thread/INFO]: [MythicMobs] Base directory /workspaces/server/servidor_minecraft/plugins/MythicMobs/data
[01:41:02] [Server thread/INFO]: [MythicMobs] Module directory /workspaces/server/servidor_minecraft/plugins/MythicMobs/data/worlds
[01:41:05] [Server thread/INFO]: [MythicMobs] Loading Packs...
[01:41:05] [Server thread/INFO]: [MythicMobs] Loading Items...
[01:41:05] [Server thread/INFO]: [MythicMobs] Loading Item Groups...
[01:41:05] [Server thread/INFO]: [MythicMobs] Loading Skills...
[01:41:06] [Server thread/INFO]: [MythicMobs] Loading Drop Tables...
[01:41:06] [Server thread/INFO]: [MythicMobs] Loading Random Spawns...
[01:41:06] [Server thread/INFO]: [MythicMobs] Loading Spawn Blocks...
[01:41:06] [Server thread/INFO]: [MythicMobs] ✓ Loaded 8 mobs.
[01:41:06] [Server thread/INFO]: [MythicMobs] ✓ Loaded 3 vanilla mob overrides.
[01:41:06] [Server thread/INFO]: [MythicMobs] ✓ Loaded 0 mob stacks.
[01:41:06] [Server thread/INFO]: [MythicMobs] ✓ Loaded 3 skills.
[01:41:06] [Server thread/INFO]: [MythicMobs] ✓ Loaded 0 random spawns.
[01:41:06] [Server thread/INFO]: [MythicMobs] ✓ Loaded 3 mythic items.
[01:41:06] [Server thread/INFO]: [MythicMobs] ✓ Loaded 2 drop tables.
[01:41:06] [Server thread/INFO]: [MythicMobs] ✓ Loaded 0 mob spawners.
[01:41:06] [Server thread/INFO]: [MythicMobs] MythicMobs configuration file loaded successfully.
[01:41:06] [Server thread/INFO]: [MythicMobs] Started up bStats Metrics
[01:41:06] [Server thread/INFO]: [MythicMobs] ✓ MythicMobs v5.7.2 ( build ${CI_COMMIT_SHORT_SHA} ) has been successfully loaded!
[01:41:06] [Server thread/INFO]: [Essentials] Enabling Essentials v2.21.0-dev+144-d31ff55
[01:41:06] [Server thread/ERROR]: [Essentials] You are running an unsupported server version!
[01:41:07] [Server thread/INFO]: [Essentials] Attempting to convert old kits in config.yml to new kits.yml
[01:41:07] [Server thread/INFO]: [Essentials] No kits found to migrate.
[01:41:07] [Server thread/INFO]: [Essentials] Loaded 42779 items from items.json.
[01:41:07] [Server thread/INFO]: [Essentials] Using locale en
[01:41:07] [Server thread/INFO]: [Essentials] ServerListPingEvent: Spigot iterator API
[01:41:07] [Server thread/INFO]: [Essentials] Starting Metrics. Opt-out using the global bStats config.
[01:41:07] [Server thread/WARN]: [Essentials] Detected supported permissions plugin LuckPerms without Vault installed.
[01:41:07] [Server thread/WARN]: [Essentials] Features such as chat prefixes/suffixes and group-related functionality will not work until you install Vault.
[01:41:07] [Server thread/INFO]: [Essentials] Using superperms-based permissions.
[01:41:07] [Server thread/INFO]: [AuraSkills] Enabling AuraSkills v2.2.6
[01:41:08] [Server thread/INFO]: [AuraSkills] Loaded 21 message files
[01:41:09] [Server thread/INFO]: [AuraSkills] Successfully registered hook LuckPerms
[01:41:09] [Server thread/INFO]: [AuraSkills] Successfully registered hook ProtocolLib
[01:41:09] [Server thread/INFO]: [AuraSkills] Successfully registered hook MythicMobs
[01:41:09] [Server thread/INFO]: [AuraSkills] Loaded 150 config options in 45 ms
[01:41:09] [Server thread/INFO]: [NBTAPI] [NBTAPI] Found Minecraft: v1_20_R1! Trying to find NMS support
[01:41:09] [Server thread/INFO]: [NBTAPI] [NBTAPI] NMS support 'MC1_20_R1' loaded!
[01:41:09] [Server thread/INFO]: [NBTAPI] [NBTAPI] Using the plugin 'AuraSkills' to create a bStats instance!
[01:41:09] [Server thread/INFO]: [AuraSkills] Loaded 3 blocked/disabled worlds
[01:41:09] [Server thread/INFO]: [AuraSkills] [ACF] Enabled Asynchronous Tab Completion Support!
[01:41:09] [Server thread/INFO]: [LevelledMobs] Enabling LevelledMobs v4.1.4.1 b78
[01:41:09] [Server thread/INFO]: [LevelledMobs] Enabling commands
[01:41:09] [Server thread/INFO]: [LevelledMobs] Using NMS version v1_20_R1 for nametag support
[01:41:09] [Server thread/INFO]: [LevelledMobs] File Loader: Loading files...
[01:41:09] [Server thread/INFO]: [LevelledMobs] File Loader: Loading file 'settings.yml'...
[01:41:09] [Server thread/INFO]: [LevelledMobs] File Loader: Loading file 'messages.yml'...
[01:41:09] [Server thread/INFO]: [LevelledMobs] File Loader: Loading file 'externalplugins.yml'...
[01:41:09] [Server thread/INFO]: [LevelledMobs] File Loader: Loading file 'rules.yml'...
[01:41:09] [Server thread/INFO]: [LevelledMobs] Current rules hash: 9b0f48e3273bb9cc29d2891ad33fb3410fec8cf1e77c2092ff670fd38f6d4ff5
[01:41:09] [Server thread/INFO]: [LevelledMobs] File Loader: Loading file 'customdrops.yml'...
[01:41:09] [Server thread/INFO]: [LevelledMobs] Listeners: Registering event listeners...
[01:41:09] [Server thread/INFO]: [LevelledMobs] Running misc procedures
[01:41:09] [Server thread/INFO]: [LevelledMobs] Tasks: Starting async nametag auto update task...
[01:41:09] [Server thread/INFO]: [LevelledMobs] Start-up complete (took 242ms)
[01:41:09] [Server thread/INFO]: [BetterSleeping4] Enabling BetterSleeping4 v4.0.2
[01:41:10] [Server thread/INFO]: [AdvancedEnchantments] Enabling AdvancedEnchantments v9.11.4
[01:41:10] [Server thread/INFO]: Thank you for installing AdvancedEnchantments! 
[01:41:10] [Server thread/INFO]: - To get help, join our discord server: https://discord.gg/advancedplugins
[01:41:10] [Server thread/INFO]: - We recommend installing https://ae.advancedplugins.net/advancedenchantments-ui to enhance your experience with our UI overhaul!
[01:41:11] [Server thread/INFO]: [AdvancedEnchantments] Loading Minecraft Version MC1_20_R1
[01:41:11] [Server thread/INFO]: [AdvancedEnchantments] Loaded 7 armor sets.
[01:41:11] [Server thread/INFO]: [AdvancedEnchantments] Loaded 5 weapons.
[01:41:11] [Server thread/INFO]: [DeathCoordinates] Enabling DeathCoordinates v1.12.1
[01:41:11] [Server thread/INFO]: [DeathCoordinates] Has been enabled! Version: 1.12.1
[01:41:11] [Server thread/INFO]: [DeathCoordinates] Thanks for using my plugin!  ~Ajneb97
[01:41:12] [Server thread/INFO]: [bloodmoon-advanced] Enabling bloodmoon-advanced v4.5.7
[01:41:12] [Server thread/INFO]: [bloodmoon-advanced] plugin registered for user 23310 with nonce -896557144
[01:41:12] [Server thread/INFO]: [EliteMobs] Enabling EliteMobs v9.1.11
[01:41:12] [Server thread/INFO]:  _____ _     _____ _____ ________  ______________  _____
[01:41:12] [Server thread/INFO]: |  ___| |   |_   _|_   _|  ___|  \/  |  _  | ___ \/  ___|
[01:41:12] [Server thread/INFO]: | |__ | |     | |   | | | |__ | .  . | | | | |_/ /\ `--.
[01:41:12] [Server thread/INFO]: |  __|| |     | |   | | |  __|| |\/| | | | | ___ \ `--. \
[01:41:12] [Server thread/INFO]: | |___| |_____| |_  | | | |___| |  | \ \_/ / |_/ //\__/ /
[01:41:12] [Server thread/INFO]: \____/\_____/\___/  \_/ \____/\_|  |_/\___/\____/ \____/
[01:41:12] [Server thread/INFO]: By MagmaGuy - v. 9.1.11
[01:41:12] [Server thread/WARN]: [EliteMobs] You are running a Minecraft version older than 1.21.0! EliteMobs 9.0 and later are only compatible with Minecraft 1.21.0 or later, if you are running an older Minecraft version you will need to use a pre-9.0 version of EliteMobs.
[01:41:12] [Server thread/INFO]: [EliteMobs] Disabling EliteMobs v9.1.11
[01:41:12] [Server thread/INFO]: [EliteMobs] Starting EliteMobs shutdown sequence...
[01:41:12] [Server thread/INFO]: [EliteMobs] Saving EliteMobs databases...
[01:41:12] [Server thread/INFO]: [EliteMobs] All done! Good night.
[01:41:12] [Server thread/INFO]: [Graves] Enabling Graves v4.9
[01:41:12] [Server thread/INFO]: [Graves] Integration: Hooked into ProtocolLib 5.3.0.
[01:41:12] [Server thread/INFO]: [Graves] Integration: Hooked into MiniMessage.
[01:41:12] [Server thread/INFO]: [Graves] Compatibility: Essentials Detected, make sure you don't have the essentials.keepinv or essentials.keepxp permissions.
[01:41:12] [Server thread/INFO]: [Elevators] Enabling Elevators v4.0.18
[01:41:12] [Server thread/WARN]: [Elevators] V120R1NMS
[01:41:12] [Server thread/WARN]: java.lang.ClassNotFoundException: com.cultivatemc.elevators.nms.V120R1NMS
[01:41:12] [Server thread/WARN]: 	at org.bukkit.plugin.java.PluginClassLoader.loadClass0(PluginClassLoader.java:183)
[01:41:12] [Server thread/WARN]: 	at org.bukkit.plugin.java.PluginClassLoader.loadClass(PluginClassLoader.java:150)
[01:41:12] [Server thread/WARN]: 	at java.base/java.lang.ClassLoader.loadClass(ClassLoader.java:525)
[01:41:12] [Server thread/WARN]: 	at java.base/java.lang.Class.forName0(Native Method)
[01:41:12] [Server thread/WARN]: 	at java.base/java.lang.Class.forName(Class.java:375)
[01:41:12] [Server thread/WARN]: 	at ElevatorsFree.jar//com.cultivatemc.elevators.objects.BaseElevators.<init>(BaseElevators.java:100)
[01:41:12] [Server thread/WARN]: 	at ElevatorsFree.jar//com.cultivatemc.elevators.Elevators.<init>(Elevators.java:18)
[01:41:12] [Server thread/WARN]: 	at java.base/jdk.internal.reflect.NativeConstructorAccessorImpl.newInstance0(Native Method)
[01:41:12] [Server thread/WARN]: 	at java.base/jdk.internal.reflect.NativeConstructorAccessorImpl.newInstance(NativeConstructorAccessorImpl.java:77)
[01:41:12] [Server thread/WARN]: 	at java.base/jdk.internal.reflect.DelegatingConstructorAccessorImpl.newInstance(DelegatingConstructorAccessorImpl.java:45)
[01:41:12] [Server thread/WARN]: 	at java.base/java.lang.reflect.Constructor.newInstanceWithCaller(Constructor.java:500)
[01:41:12] [Server thread/WARN]: 	at java.base/java.lang.reflect.Constructor.newInstance(Constructor.java:481)
[01:41:12] [Server thread/WARN]: 	at ElevatorsFree.jar//com.cultivatemc.elevators.Main.onEnable(Main.java:20)
[01:41:12] [Server thread/WARN]: 	at org.bukkit.plugin.java.JavaPlugin.setEnabled(JavaPlugin.java:281)
[01:41:12] [Server thread/WARN]: 	at io.papermc.paper.plugin.manager.PaperPluginInstanceManager.enablePlugin(PaperPluginInstanceManager.java:189)
[01:41:12] [Server thread/WARN]: 	at io.papermc.paper.plugin.manager.PaperPluginManagerImpl.enablePlugin(PaperPluginManagerImpl.java:104)
[01:41:12] [Server thread/WARN]: 	at org.bukkit.plugin.SimplePluginManager.enablePlugin(SimplePluginManager.java:507)
[01:41:12] [Server thread/WARN]: 	at org.bukkit.craftbukkit.v1_20_R1.CraftServer.enablePlugin(CraftServer.java:562)
[01:41:12] [Server thread/WARN]: 	at org.bukkit.craftbukkit.v1_20_R1.CraftServer.enablePlugins(CraftServer.java:473)
[01:41:12] [Server thread/WARN]: 	at net.minecraft.server.MinecraftServer.loadWorld0(MinecraftServer.java:636)
[01:41:12] [Server thread/WARN]: 	at net.minecraft.server.MinecraftServer.loadLevel(MinecraftServer.java:435)
[01:41:12] [Server thread/WARN]: 	at net.minecraft.server.dedicated.DedicatedServer.e(DedicatedServer.java:308)
[01:41:12] [Server thread/WARN]: 	at net.minecraft.server.MinecraftServer.w(MinecraftServer.java:1101)
[01:41:12] [Server thread/WARN]: 	at net.minecraft.server.MinecraftServer.lambda$spin$0(MinecraftServer.java:318)
[01:41:12] [Server thread/WARN]: 	at java.base/java.lang.Thread.run(Thread.java:840)
[01:41:12] [Server thread/WARN]: [Elevators] This version of elevators does not support your servers current version! Some functions may not work as intended! Check the resource page for updates.
[01:41:12] [Server thread/INFO]: [Minepacks] Enabling Minepacks v2.4.31.4-T20240629215752
[01:41:12] [Server thread/INFO]: [Minepacks] Starting Minepacks in standalone mode!
[01:41:12] [Server thread/INFO]: [Minepacks] Config file successfully loaded.
[01:41:12] [Server thread/INFO]: [Minepacks] Language file successfully loaded. Language: english  Author: GeorgH93
[01:41:12] [Server thread/INFO]: [at.pcgamingfreaks.MinepacksStandalone.libs.com.zaxxer.hikari.HikariDataSource] Minepacks-Connection-Pool - Starting...
[01:41:12] [Server thread/INFO]: [at.pcgamingfreaks.MinepacksStandalone.libs.com.zaxxer.hikari.HikariDataSource] Minepacks-Connection-Pool - Start completed.
[01:41:13] [Server thread/INFO]: [Minepacks] Item name language file successfully loaded. Language: english  Author: GeorgH93
[01:41:13] [Server thread/INFO]: [Minepacks] Loading item translations ...
[01:41:13] [Server thread/INFO]: [Minepacks] Finished loading item translations for 828 items.
[01:41:13] [Server thread/INFO]: [Minepacks]  Minepacks has been enabled!  :) 
[01:41:13] [Server thread/INFO]: [EssentialsSpawn] Enabling EssentialsSpawn v2.21.0-dev+144-d31ff55
[01:41:13] [Server thread/INFO]: [EssentialsSpawn] Starting Metrics. Opt-out using the global bStats config.
[01:41:13] [Server thread/INFO]: [TNTAlert] Enabling TNTAlert v1.0*
[01:41:13] [Server thread/INFO]: [OpenInv] Enabling OpenInv v5.1.3
[01:41:13] [Server thread/WARN]: [OpenInv] Your server version (1.20) is not supported.
[01:41:13] [Server thread/WARN]: [OpenInv] Please download the correct version of OpenInv here: https://github.com/Jikoo/OpenInv/releases/tag/4.4.1
[01:41:13] [Server thread/INFO]: [CombatWeaponryPlus] Enabling CombatWeaponryPlus v1.5.7
[01:41:13] [Server thread/INFO]: [Talismans] Enabling Talismans v6.69.6
[01:41:13] [Server thread/INFO]: [Talismans] Loading Talismans
[01:41:13] [Server thread/INFO]: [libreforge] Enabling libreforge v4.71.6
[01:41:13] [Server thread/INFO]: [libreforge] Loading libreforge
[01:41:13] [Server thread/INFO]: [libreforge] Loaded integrations: AuraSkills, LevelledMobs
[01:41:13] [Server thread/INFO]: [libreforge] 
[01:41:13] [Server thread/INFO]: [libreforge] Hey, what's this plugin doing here? I didn't install it!
[01:41:13] [Server thread/INFO]: [libreforge] libreforge is the effects system for plugins like EcoEnchants,
[01:41:13] [Server thread/INFO]: [libreforge] EcoJobs, EcoItems, etc. If you're looking for config options for
[01:41:13] [Server thread/INFO]: [libreforge] things like cooldown messages, lrcdb, and stuff like that, you'll
[01:41:13] [Server thread/INFO]: [libreforge] find it under /plugins/libreforge
[01:41:13] [Server thread/INFO]: [libreforge] 
[01:41:13] [Server thread/INFO]: [libreforge] Don't worry about updating libreforge, it's handled automatically!
[01:41:13] [Server thread/INFO]: [libreforge] 
[01:41:14] [Server thread/INFO]: Running delayed init tasks
[01:41:14] [Craft Scheduler Thread - 1 - Essentials/INFO]: [Essentials] Fetching version information...
[01:41:14] [Craft Scheduler Thread - 9 - Talismans/WARN]: [Talismans] Talismans is out of date! (Version 6.69.6)
[01:41:14] [Craft Scheduler Thread - 9 - Talismans/WARN]: [Talismans] The newest version is 6.70.2
[01:41:14] [Craft Scheduler Thread - 9 - Talismans/WARN]: [Talismans] Download the new version!
[01:41:14] [Server thread/INFO]: [AuraSkills] Loaded 11 skills with 306 total sources
[01:41:14] [Server thread/INFO]: [AuraSkills] Loaded 9 stats and 17 traits
[01:41:15] [Server thread/INFO]: [AuraSkills] Loaded 22 pattern rewards and 0 level rewards
[01:41:15] [Server thread/INFO]: [AuraSkills] Loaded 53 loot entries in 4 pools and 2 tables
[01:41:15] [Server thread/INFO]: Environment: authHost='https://authserver.mojang.com', accountsHost='https://api.mojang.com', sessionHost='https://sessionserver.mojang.com', servicesHost='https://api.minecraftservices.com', name='PROD'
[01:41:15] [Server thread/INFO]: [AuraSkills] Loaded 6 menus
[01:41:15] [Server thread/INFO]: Done (26.013s)! For help, type "help"
[01:41:15] [Server thread/INFO]: Timings Reset
[01:41:15] [Server thread/INFO]: [eco] Loaded eco
[01:41:15] [Server thread/INFO]: [Talismans] Loaded Talismans
[01:41:15] [Server thread/INFO]: [libreforge] Loaded libreforge
[01:41:16] [Server thread/INFO]: [AdvancedEnchantments] Successfully hooked into ProtocolLib, AuraSkills, AdvancedEnchantments, MythicMobs, Essentials, LuckPerms.
[01:41:27] [User Authenticator #0/INFO]: UUID of player alexisromors is 343fb479-c22f-316e-a665-dea3a7ee2b1a
[01:41:30] [Server thread/INFO]: alexisromors joined the game
[01:41:30] [Server thread/INFO]: alexisromors[/[0:0:0:0:0:0:0:1%0]:43710] logged in with entity id 149 at ([world]130.13321722116586, -23.498281063741153, 275.82432757531126)
[01:42:46] [Server thread/INFO]: alexisromors issued server command: /vanish
[01:42:50] [Server thread/WARN]: alexisromors moved too quickly! 2.1390836790096444,-5.994333133397092,13.230640604469443
[01:42:52] [Server thread/INFO]: alexisromors issued server command: /gmsp
[01:42:54] [Server thread/INFO]: alexisromors issued server command: /vanish
[01:42:58] [Server thread/INFO]: alexisromors issued server command: /gmc
[01:46:10] [Server thread/INFO]: alexisromors issued server command: /lp group default permission set essentials.sethome.
[01:46:10] [luckperms-command-executor/INFO]: [LP] LOG > (alexisromors) [G] (default)
[01:46:10] [luckperms-command-executor/INFO]: [LP] LOG > permission set essentials.sethome. true
[01:46:14] [Server thread/INFO]: alexisromors issued server command: /sethome
[01:46:24] [User Authenticator #1/INFO]: UUID of player luchito is 0e8caddd-7cf1-377b-8ee2-bd733b530fa0
[01:46:24] [Server thread/INFO]: luchito joined the game
[01:46:24] [Server thread/INFO]: luchito[/[0:0:0:0:0:0:0:1%0]:60810] logged in with entity id 1079 at ([world]33.5, 84.0, -17.5)
[01:46:25] [Server thread/INFO]: luchito has made the advancement [Getting an Upgrade]
[01:46:59] [Server thread/INFO]: alexisromors issued server command: /lp group default permission set essentials.sethome.multiple.vip
[01:47:05] [Server thread/INFO]: alexisromors issued server command: /gm
[01:47:06] [Server thread/INFO]: alexisromors issued server command: /gms
[01:47:53] [Server thread/WARN]: Skipping BlockEntity with id 
[01:47:53] [Server thread/WARN]: Skipping BlockEntity with id 
[01:47:54] [Server thread/WARN]: Skipping BlockEntity with id 
[01:48:23] [Server thread/INFO]: luchito has made the advancement [Stone Age]
[01:49:30] [Server thread/INFO]: alexisromors issued server command: /gmc
[01:49:38] [Server thread/INFO]: Villager EntityVillager['Villager'/2593, uuid='26e497b8-e720-4a55-b512-c4fb2923f474', l='ServerLevel[world]', x=-352.89, y=73.31, z=870.15, cpos=[-23, 54], tl=51, v=true] died, message: 'Villager tried to swim in lava'
[01:49:46] [Server thread/INFO]: alexisromors issued server command: /gms
[01:49:52] [Server thread/INFO]: alexisromors issued server command: /sethome aldea
[01:49:52] [Server thread/INFO]: alexisromors issued server command: /gmc
[01:51:04] [Server thread/WARN]: alexisromors moved too quickly! -9.350706742635964,9.171753960130502,4.566382413758902
[01:51:07] [Server thread/INFO]: alexisromors issued server command: /home aldae
[01:51:09] [Server thread/INFO]: alexisromors issued server command: /home aldea
[01:51:45] [Server thread/INFO]: Named entity EntitySkeletonWither['Skeletal Knight'/4689, uuid='e4a41688-1fa7-4b57-af68-ab505977fcd7', l='ServerLevel[world]', x=-40.50, y=-28.00, z=285.50, cpos=[-3, 17], tl=573, v=true] died: Skeletal Knight suffocated in a wall
[01:53:12] [Server thread/INFO]: alexisromors has made the advancement [Sweet Dreams]
[01:53:15] [Server thread/INFO]: luchito suffocated in a wall
[01:54:44] [Server thread/INFO]: Named entity EntitySkeletonWither['Skeletal Knight'/5798, uuid='87b3420d-17ec-4d50-9903-a2ee91f7bfda', l='ServerLevel[world]', x=71.88, y=23.00, z=170.50, cpos=[4, 10], tl=577, v=true] died: Skeletal Knight suffocated in a wall
[02:00:39] [Server thread/INFO]: Named entity EntitySkeletonWither['Skeletal Knight'/7980, uuid='70fa1668-f8ef-448b-9c6a-ea10008dae95', l='ServerLevel[world]', x=-115.50, y=-46.00, z=603.50, cpos=[-8, 37], tl=432, v=true] died: Skeletal Knight suffocated in a wall
[02:02:36] [Server thread/INFO]: Named entity EntitySkeletonWither['Skeletal Knight'/9081, uuid='324b4bec-f7bc-43e5-8a5a-fd926f5b986b', l='ServerLevel[world]', x=-122.50, y=-16.00, z=1009.50, cpos=[-8, 63], tl=455, v=true] died: Skeletal Knight suffocated in a wall
[02:03:14] [Server thread/INFO]: alexisromors has made the advancement [Suit Up]
[02:03:22] [Server thread/INFO]: alexisromors issued server command: /gms
[02:04:15] [User Authenticator #2/INFO]: UUID of player Mateo2009MC is ca063eb7-f8b9-3bb6-abfb-5a103eb7d6f3
[02:04:15] [Server thread/INFO]: Mateo2009MC joined the game
[02:04:15] [Server thread/INFO]: Mateo2009MC[/[0:0:0:0:0:0:0:1%0]:37088] logged in with entity id 10375 at ([world]2472.400518551327, 72.0, 2735.182134587421)
[02:09:20] [Async Chat Thread - #1/INFO]: [Not Secure] <luchito> oee mateo ay aldeas
[02:09:25] [Async Chat Thread - #0/INFO]: [Not Secure] <Mateo2009MC> si
[02:10:18] [Server thread/INFO]: Named entity EntitySkeletonWither['Skeletal Knight'/16772, uuid='aae32d69-fbd7-4a99-88ba-4c1b42550f3a', l='ServerLevel[world]', x=2462.50, y=14.00, z=2637.50, cpos=[153, 164], tl=432, v=true] died: Skeletal Knight suffocated in a wall
[02:11:33] [Server thread/INFO]: luchito has made the advancement [Suit Up]
[02:12:49] [Async Chat Thread - #2/INFO]: [Not Secure] <luchito> oe
[02:12:52] [Async Chat Thread - #3/INFO]: [Not Secure] <luchito> una pregunta
[02:12:55] [Async Chat Thread - #2/INFO]: [Not Secure] <Mateo2009MC> q
[02:12:56] [Async Chat Thread - #3/INFO]: [Not Secure] <alexisromors> q
[02:12:57] [Async Chat Thread - #2/INFO]: [Not Secure] <luchito> esta es tu aldea
[02:13:04] [Async Chat Thread - #3/INFO]: [Not Secure] <alexisromors> es de mateo
[02:13:10] [Async Chat Thread - #2/INFO]: [Not Secure] <Mateo2009MC> cual?
[02:13:13] [Async Chat Thread - #3/INFO]: [Not Secure] <Mateo2009MC> donde estas
[02:13:15] [Async Chat Thread - #2/INFO]: [Not Secure] <alexisromors> la de taiga
[02:13:24] [Async Chat Thread - #3/INFO]: [Not Secure] <luchito> a buneo
[02:13:32] [Async Chat Thread - #2/INFO]: [Not Secure] <alexisromors> ahhh mateo tu en cual estas ?
[02:13:34] [Async Chat Thread - #3/INFO]: [Not Secure] <luchito> entoces me voy a buscar otra aldea
[02:13:42] [Async Chat Thread - #2/INFO]: [Not Secure] <alexisromors> quedate con esta
[02:13:46] [Async Chat Thread - #3/INFO]: [Not Secure] <alexisromors> mateo creo que esta en otra
[02:13:49] [Server thread/INFO]: alexisromors issued server command: /tp Mateo2009MC
[02:13:51] [Async Chat Thread - #2/INFO]: [Not Secure] <Mateo2009MC> deja ver si es esta
[02:13:56] [Server thread/INFO]: Mateo2009MC issued server command: /tpa luchito
[02:13:59] [Async Chat Thread - #3/INFO]: [Not Secure] <alexisromors> esta es otra
[02:14:02] [Async Chat Thread - #3/INFO]: [Not Secure] <alexisromors> luchi
[02:14:07] [Async Chat Thread - #2/INFO]: [Not Secure] <alexisromors> quedate con esa
[02:14:27] [Async Chat Thread - #3/INFO]: [Not Secure] <luchito> oe me uedo con estya aldea
[02:14:31] [Async Chat Thread - #2/INFO]: [Not Secure] <luchito> me quedo
[02:15:28] [Async Chat Thread - #3/INFO]: [Not Secure] <luchito> confrima alexis
[02:15:33] [Async Chat Thread - #2/INFO]: [Not Secure] <luchito> me quedo con esta aldea
[02:15:39] [Async Chat Thread - #3/INFO]: [Not Secure] <alexisromors> si
[02:15:42] [Async Chat Thread - #2/INFO]: [Not Secure] <luchito> yap
[02:16:28] [Server thread/INFO]: luchito has made the advancement [Monster Hunter]
[02:16:34] [Server thread/INFO]: luchito has made the advancement [Sweet Dreams]
[02:16:41] [Server thread/INFO]: Villager EntityVillager['Villager'/4435, uuid='4f9611c6-b397-4b38-9ab8-579f73829ce6', l='ServerLevel[world]', x=-346.30, y=73.00, z=850.70, cpos=[-22, 53], tl=32394, v=true] died, message: 'Villager was slain by Zombie'
[02:17:15] [Server thread/INFO]: Villager EntityVillager['Villager'/4430, uuid='1b2846e8-818d-4124-b7f4-807a977fd953', l='ServerLevel[world]', x=-346.85, y=73.00, z=850.30, cpos=[-22, 53], tl=32418, v=true] died, message: 'Villager was slain by Zombie'
[02:17:17] [Server thread/INFO]: Villager EntityVillager['Villager'/4429, uuid='3584372f-9cc4-4255-8be6-c20ef96c9683', l='ServerLevel[world]', x=-346.71, y=73.00, z=850.45, cpos=[-22, 53], tl=32471, v=true] died, message: 'Villager was slain by Zombie'
[02:17:20] [Server thread/INFO]: Villager EntityVillager['Butcher'/4440, uuid='b5ed96a0-be22-4acf-b59e-e53ed5f86e14', l='ServerLevel[world]', x=-348.59, y=73.00, z=850.70, cpos=[-22, 53], tl=32469, v=true] died, message: 'Butcher was slain by Zombie'
[02:17:41] [Server thread/INFO]: Mateo2009MC has made the advancement [Blindfolded]
[02:21:32] [Server thread/INFO]: Named entity EntitySkeletonWither['Skeletal Knight'/20533, uuid='a0deeb00-af28-4187-a2e6-08e362c2d5b1', l='ServerLevel[world]', x=2474.50, y=42.00, z=2868.50, cpos=[154, 179], tl=441, v=true] died: Skeletal Knight suffocated in a wall
[02:28:13] [Server thread/INFO]: Villager EntityVillager['Villager'/4432, uuid='6e2ff3b9-9f3d-47d1-b437-584d55cd0a02', l='ServerLevel[world]', x=-344.50, y=80.00, z=876.30, cpos=[-22, 54], tl=45583, v=true] died, message: 'Villager was slain by Zombie'
[02:29:50] [Server thread/INFO]: Named entity EntitySkeletonWither['Skeletal Knight'/22945, uuid='bd0ca21d-4196-4f19-b40d-8c2aa006b467', l='ServerLevel[world]', x=-345.50, y=45.00, z=871.50, cpos=[-22, 54], tl=585, v=true] died: Skeletal Knight suffocated in a wall
[02:30:21] [Server thread/INFO]: Named entity EntitySkeletonWither['Skeletal Knight'/23109, uuid='76c4f170-57de-4eb4-a61f-4cbf0bfdff23', l='ServerLevel[world]', x=-343.50, y=11.00, z=840.50, cpos=[-22, 52], tl=431, v=true] died: Skeletal Knight suffocated in a wall
[02:32:23] [Async Chat Thread - #4/INFO]: [Not Secure] <alexisromors> con /ce pueden comprar encantamientos con xp
[02:32:40] [Server thread/INFO]: Mateo2009MC issued server command: /ce
[02:32:52] [Server thread/INFO]: Mateo2009MC issued server command: /tinkerer
[02:33:00] [Server thread/INFO]: Mateo2009MC issued server command: /ce
[02:33:20] [Async Chat Thread - #5/INFO]: [Not Secure] <Mateo2009MC> una mrd
[02:35:06] [Server thread/INFO]: Named entity EntitySkeletonWither['Skeletal Knight'/24267, uuid='e88a362d-6713-4543-bb44-8e6c68895fe4', l='ServerLevel[world]', x=-295.50, y=-20.00, z=811.50, cpos=[-19, 50], tl=449, v=true] died: Skeletal Knight suffocated in a wall
[02:38:23] [Server thread/INFO]: Named entity EntitySkeletonWither['Skeletal Knight'/25328, uuid='9e62a025-f3fe-48c8-ac3d-360576e19997', l='ServerLevel[world]', x=-317.50, y=-6.00, z=867.50, cpos=[-20, 54], tl=548, v=true] died: Skeletal Knight suffocated in a wall
[02:39:06] [Server thread/INFO]: luchito was shot by Lvl 7 | Skeleton
[02:39:30] [Server thread/INFO]: luchito issued server command: /sethome
[02:40:02] [Server thread/INFO]: Named entity EntityMagmaCube['Blazing Cube'/26686, uuid='0f81e494-bd9c-4cce-ac22-824ba1cfd34f', l='ServerLevel[world]', x=93.59, y=-21.94, z=215.54, cpos=[5, 13], tl=91, v=false, removed=DISCARDED] died: Blazing Cube suffocated in a wall
[02:40:03] [Server thread/INFO]: Named entity EntityMagmaCube['Blazing Cube'/26698, uuid='ba6e8d83-239d-4260-8298-e1d447807d2f', l='ServerLevel[world]', x=23.78, y=-13.00, z=161.68, cpos=[1, 10], tl=101, v=false, removed=DISCARDED] died: Blazing Cube suffocated in a wall
[02:40:03] [Server thread/INFO]: Named entity EntityMagmaCube['Blazing Cube'/26963, uuid='f1ad739f-c11f-4635-b36e-88b7aa05cacb', l='ServerLevel[world]', x=23.41, y=-12.50, z=161.30, cpos=[1, 10], tl=1, v=true] died: Blazing Cube suffocated in a wall
[02:40:03] [Server thread/INFO]: Named entity EntityMagmaCube['Blazing Cube'/26964, uuid='9c7988cb-2774-4963-a8ad-21a0357c032f', l='ServerLevel[world]', x=24.16, y=-12.50, z=161.30, cpos=[1, 10], tl=1, v=true] died: Blazing Cube suffocated in a wall
[02:40:03] [Server thread/INFO]: Named entity EntityMagmaCube['Blazing Cube'/26965, uuid='7f104e31-da04-484c-bf9e-b21729f33a1d', l='ServerLevel[world]', x=23.41, y=-12.50, z=162.05, cpos=[1, 10], tl=1, v=true] died: Blazing Cube suffocated in a wall
[02:40:03] [Server thread/INFO]: Named entity EntityMagmaCube['Blazing Cube'/26966, uuid='d72fe494-e842-4078-8781-aee83af4ab72', l='ServerLevel[world]', x=24.16, y=-12.50, z=162.05, cpos=[1, 10], tl=1, v=true] died: Blazing Cube suffocated in a wall
[02:40:03] [Server thread/INFO]: Named entity EntityMagmaCube['Blazing Cube'/26906, uuid='15d2c75e-b3da-4985-9f0b-39b0a8867e4f', l='ServerLevel[world]', x=93.13, y=-21.94, z=214.76, cpos=[5, 13], tl=17, v=true] died: Blazing Cube suffocated in a wall
[02:40:04] [Server thread/INFO]: Named entity EntityMagmaCube['Blazing Cube'/26753, uuid='71dcf8f7-bfe9-4751-9dbe-c46577602338', l='ServerLevel[world]', x=-27.21, y=8.00, z=303.78, cpos=[-2, 18], tl=91, v=false, removed=DISCARDED] died: Blazing Cube suffocated in a wall
[02:40:04] [Server thread/INFO]: Named entity EntityMagmaCube['Blazing Cube'/26994, uuid='b1c35a14-6147-4bd4-9872-3b30b841f2b4', l='ServerLevel[world]', x=-27.59, y=8.50, z=303.41, cpos=[-2, 18], tl=1, v=true] died: Blazing Cube suffocated in a wall
[02:40:04] [Server thread/INFO]: Named entity EntityMagmaCube['Blazing Cube'/26995, uuid='c9483314-8a1d-4bc4-b46b-60d27ea5e047', l='ServerLevel[world]', x=-26.84, y=8.50, z=303.41, cpos=[-2, 18], tl=1, v=true] died: Blazing Cube suffocated in a wall
[02:40:04] [Server thread/INFO]: Named entity EntityMagmaCube['Blazing Cube'/26996, uuid='5a71d08c-897f-4409-a91a-b0ad2d697df3', l='ServerLevel[world]', x=-27.59, y=8.50, z=304.16, cpos=[-2, 19], tl=1, v=true] died: Blazing Cube suffocated in a wall
[02:40:04] [Server thread/INFO]: Named entity EntityMagmaCube['Blazing Cube'/26770, uuid='e2f0a1b7-0e06-47ad-8e13-2d78a6295279', l='ServerLevel[world]', x=87.57, y=24.00, z=189.59, cpos=[5, 11], tl=91, v=false, removed=DISCARDED] died: Blazing Cube suffocated in a wall
[02:40:04] [Server thread/INFO]: Named entity EntityMagmaCube['Blazing Cube'/26999, uuid='788d9563-9517-46e2-8e07-68ad6c52fb72', l='ServerLevel[world]', x=87.94, y=24.50, z=189.22, cpos=[5, 11], tl=1, v=true] died: Blazing Cube suffocated in a wall
[02:40:05] [Server thread/INFO]: Named entity EntityMagmaCube['Blazing Cube'/26732, uuid='b87ddd36-9e15-4880-be84-5ee9c144024e', l='ServerLevel[world]', x=-27.22, y=-41.00, z=236.22, cpos=[-2, 14], tl=131, v=false, removed=DISCARDED] died: Blazing Cube suffocated in a wall
[02:40:05] [Server thread/INFO]: Named entity EntityMagmaCube['Blazing Cube'/27026, uuid='081cee67-9e2a-4bf4-8dfe-bbd691233160', l='ServerLevel[world]', x=-27.59, y=-40.50, z=235.84, cpos=[-2, 14], tl=1, v=true] died: Blazing Cube suffocated in a wall
[02:40:05] [Server thread/INFO]: Named entity EntityMagmaCube['Blazing Cube'/27027, uuid='4bffd2d7-a290-4d0b-b178-251a3dceff5a', l='ServerLevel[world]', x=-26.84, y=-40.50, z=235.84, cpos=[-2, 14], tl=1, v=true] died: Blazing Cube suffocated in a wall
[02:40:06] [Server thread/INFO]: Named entity EntityMagmaCube['Blazing Cube'/26844, uuid='0bed854a-d94b-4715-8701-7bb07134b747', l='ServerLevel[world]', x=46.78, y=-14.00, z=207.96, cpos=[2, 12], tl=91, v=false, removed=DISCARDED] died: Blazing Cube suffocated in a wall
[02:40:06] [Server thread/INFO]: Named entity EntityMagmaCube['Blazing Cube'/27057, uuid='ea9ef78b-e3a1-467b-97a5-3b2869a24e50', l='ServerLevel[world]', x=46.41, y=-13.50, z=207.58, cpos=[2, 12], tl=1, v=true] died: Blazing Cube suffocated in a wall
[02:40:06] [Server thread/INFO]: Named entity EntityMagmaCube['Blazing Cube'/27058, uuid='234d83e3-f960-459c-b39d-1b1b3ecd963b', l='ServerLevel[world]', x=47.16, y=-13.50, z=207.58, cpos=[2, 12], tl=1, v=true] died: Blazing Cube suffocated in a wall
[02:40:06] [Server thread/INFO]: Named entity EntityMagmaCube['Blazing Cube'/27059, uuid='ae73e967-e918-4864-b675-e69e28d2cca2', l='ServerLevel[world]', x=46.41, y=-13.50, z=208.33, cpos=[2, 13], tl=1, v=true] died: Blazing Cube suffocated in a wall
[02:40:09] [Server thread/INFO]: Named entity EntityMagmaCube['Blazing Cube'/27007, uuid='636abd83-08f0-423d-a2b4-e1f038aa2a47', l='ServerLevel[world]', x=82.87, y=-5.00, z=258.33, cpos=[5, 16], tl=91, v=false, removed=DISCARDED] died: Blazing Cube suffocated in a wall
[02:40:09] [Server thread/INFO]: Named entity EntityMagmaCube['Blazing Cube'/27079, uuid='05c9d8da-fae0-48c9-85ad-5286cd6b2b3c', l='ServerLevel[world]', x=83.24, y=-4.50, z=257.96, cpos=[5, 16], tl=1, v=true] died: Blazing Cube suffocated in a wall
[02:40:09] [Server thread/INFO]: Named entity EntityMagmaCube['Blazing Cube'/26947, uuid='003dbca7-97ea-4195-9e70-e3b3ebc50cd2', l='ServerLevel[world]', x=44.22, y=0.00, z=281.86, cpos=[2, 17], tl=131, v=false, removed=DISCARDED] died: Blazing Cube suffocated in a wall
[02:40:09] [Server thread/INFO]: Named entity EntityMagmaCube['Blazing Cube'/27083, uuid='56e1aaed-788a-4f3a-9e99-91c00fdba492', l='ServerLevel[world]', x=43.84, y=0.50, z=281.48, cpos=[2, 17], tl=1, v=true] died: Blazing Cube suffocated in a wall
[02:40:09] [Server thread/INFO]: Named entity EntityMagmaCube['Blazing Cube'/27084, uuid='de9cfacd-b9ad-449b-978a-a90957c08a75', l='ServerLevel[world]', x=44.59, y=0.50, z=281.48, cpos=[2, 17], tl=1, v=true] died: Blazing Cube suffocated in a wall
[02:40:09] [Server thread/INFO]: Named entity EntityMagmaCube['Blazing Cube'/27085, uuid='7497f2ca-038a-4033-838b-0fc5c36eded0', l='ServerLevel[world]', x=43.84, y=0.50, z=282.23, cpos=[2, 17], tl=1, v=true] died: Blazing Cube suffocated in a wall
[02:40:10] [Server thread/INFO]: Named entity EntityMagmaCube['Blazing Cube'/26931, uuid='6a3b0673-5e2f-4074-b5dc-b6ef29c9f059', l='ServerLevel[world]', x=2491.78, y=40.00, z=2724.79, cpos=[155, 170], tl=141, v=false, removed=DISCARDED] died: Blazing Cube suffocated in a wall
[02:40:10] [Server thread/INFO]: Named entity EntityMagmaCube['Blazing Cube'/27089, uuid='caf1c8b5-bc07-44ce-87b3-3bdce9fe72a3', l='ServerLevel[world]', x=2491.41, y=40.50, z=2725.17, cpos=[155, 170], tl=1, v=true] died: Blazing Cube suffocated in a wall
[02:40:10] [Server thread/INFO]: Named entity EntityMagmaCube['Blazing Cube'/27013, uuid='7d6ac542-e2a3-4fed-bd92-c12713aeb172', l='ServerLevel[world]', x=-1.61, y=19.00, z=180.78, cpos=[-1, 11], tl=111, v=false, removed=DISCARDED] died: Blazing Cube suffocated in a wall
[02:40:11] [Server thread/INFO]: Named entity EntityMagmaCube['Blazing Cube'/26986, uuid='0af22b45-f970-4362-b8b2-2b63797bc152', l='ServerLevel[world]', x=91.37, y=28.00, z=233.22, cpos=[5, 14], tl=141, v=false, removed=DISCARDED] died: Blazing Cube suffocated in a wall
[02:40:11] [Server thread/INFO]: Named entity EntityMagmaCube['Blazing Cube'/27092, uuid='64cd320a-88fa-4406-b3ee-c2dac5318d26', l='ServerLevel[world]', x=-0.81, y=19.00, z=180.35, cpos=[-1, 11], tl=16, v=true] died: Blazing Cube suffocated in a wall
[02:40:11] [Server thread/INFO]: Named entity EntityMagmaCube['Blazing Cube'/27067, uuid='d4c8b053-864a-420f-b8e9-ce639aa0b007', l='ServerLevel[world]', x=93.95, y=25.00, z=255.22, cpos=[5, 15], tl=91, v=false, removed=DISCARDED] died: Blazing Cube suffocated in a wall
[02:40:11] [Server thread/INFO]: Named entity EntityMagmaCube['Blazing Cube'/27131, uuid='633ea990-d475-4ada-9539-0a52bdad2d65', l='ServerLevel[world]', x=94.32, y=25.50, z=254.84, cpos=[5, 15], tl=1, v=true] died: Blazing Cube suffocated in a wall
[02:40:11] [Server thread/INFO]: Named entity EntityMagmaCube['Blazing Cube'/27112, uuid='33a3e8af-ddca-4332-a629-2b766dfa1c70', l='ServerLevel[world]', x=91.05, y=28.02, z=232.60, cpos=[5, 14], tl=11, v=true] died: Blazing Cube suffocated in a wall
[02:40:11] [Server thread/INFO]: Named entity EntityMagmaCube['Blazing Cube'/27113, uuid='d75ee379-276b-4e9b-8ca3-94a3247c3d87', l='ServerLevel[world]', x=92.09, y=28.00, z=232.92, cpos=[5, 14], tl=11, v=true] died: Blazing Cube suffocated in a wall
[02:40:12] [Server thread/INFO]: Named entity EntityMagmaCube['Blazing Cube'/26600, uuid='c9a0d2e5-50a0-4a60-b76e-740ad89fd963', l='ServerLevel[world]', x=2632.88, y=22.00, z=2646.78, cpos=[164, 165], tl=342, v=false, removed=DISCARDED] died: Blazing Cube suffocated in a wall
[02:40:12] [Server thread/INFO]: Named entity EntityMagmaCube['Blazing Cube'/27158, uuid='6142f295-87fc-4d52-b683-7f8978420ee2', l='ServerLevel[world]', x=2632.50, y=22.50, z=2646.41, cpos=[164, 165], tl=1, v=true] died: Blazing Cube suffocated in a wall
[02:40:12] [Server thread/INFO]: Named entity EntityMagmaCube['Blazing Cube'/27160, uuid='11805bb0-032f-48f6-bc80-51be5672af01', l='ServerLevel[world]', x=2632.50, y=22.50, z=2647.16, cpos=[164, 165], tl=1, v=true] died: Blazing Cube suffocated in a wall
[02:40:12] [Server thread/INFO]: Named entity EntityBlaze['fire warden'/26342, uuid='3e67ee62-ec3f-452b-a406-4ad23bc54ea2', l='ServerLevel[world]', x=92.50, y=52.71, z=242.50, cpos=[5, 15], tl=401, v=false, removed=DISCARDED] died: fire warden drowned
[02:40:15] [Server thread/INFO]: Named entity EntitySkeletonWither['Soldier'/26611, uuid='cf829814-c55f-4f65-8b83-88d55838744e', l='ServerLevel[world]', x=91.50, y=-4.00, z=214.50, cpos=[5, 13], tl=392, v=false, removed=DISCARDED] died: Soldier suffocated in a wall
[02:40:20] [Server thread/INFO]: Named entity EntityMagmaCube['Blazing Cube'/27204, uuid='9b085030-c043-4bfd-9964-b8c9e89473bc', l='ServerLevel[world]', x=2480.42, y=42.00, z=2535.78, cpos=[155, 158], tl=121, v=false, removed=DISCARDED] died: Blazing Cube suffocated in a wall
[02:40:20] [Server thread/INFO]: Named entity EntityMagmaCube['Blazing Cube'/27316, uuid='d75ce405-c1f3-4e88-a5d0-140b93da011e', l='ServerLevel[world]', x=2480.80, y=42.50, z=2535.41, cpos=[155, 158], tl=1, v=true] died: Blazing Cube suffocated in a wall
[02:40:20] [Server thread/INFO]: alexisromors issued server command: /ce
[02:40:22] [Server thread/INFO]: Named entity EntityMagmaCube['Blazing Cube'/27289, uuid='70701549-571d-40d6-b114-55c22522b9c9', l='ServerLevel[world]', x=28.22, y=-13.00, z=160.43, cpos=[1, 10], tl=91, v=false, removed=DISCARDED] died: Blazing Cube suffocated in a wall
[02:40:22] [Server thread/INFO]: Named entity EntityMagmaCube['Blazing Cube'/27339, uuid='98ff6d6b-038c-43ed-82b8-a35a0f54f9d8', l='ServerLevel[world]', x=27.84, y=-12.50, z=160.05, cpos=[1, 10], tl=1, v=true] died: Blazing Cube suffocated in a wall
[02:40:22] [Server thread/INFO]: Named entity EntityMagmaCube['Blazing Cube'/27340, uuid='749f2758-9da4-4f28-85aa-4cc4e301d35b', l='ServerLevel[world]', x=28.59, y=-12.50, z=160.05, cpos=[1, 10], tl=1, v=true] died: Blazing Cube suffocated in a wall
[02:40:27] [Server thread/INFO]: [Not Secure] [Server] luchito got killed during a bloodmoon!
[02:40:27] [Server thread/INFO]: luchito drowned
[02:40:28] [Server thread/INFO]: luchito lost connection: Timed out
[02:40:28] [Server thread/INFO]: luchito left the game
[02:40:28] [Server thread/INFO]: Named entity EntityMagmaCube['Blazing Cube'/27346, uuid='d4d5dc64-1486-4ea0-9836-a06b52657aaf', l='ServerLevel[world]', x=2475.59, y=34.00, z=2840.14, cpos=[154, 177], tl=101, v=false, removed=DISCARDED] died: Blazing Cube suffocated in a wall
[02:40:29] [Server thread/INFO]: Named entity EntityMagmaCube['Blazing Cube'/27694, uuid='0c78a5b8-33d8-415e-b164-82c7c8cacc9e', l='ServerLevel[world]', x=2475.22, y=34.50, z=2840.51, cpos=[154, 177], tl=1, v=true] died: Blazing Cube suffocated in a wall
[02:40:29] [Server thread/INFO]: Named entity EntityMagmaCube['Blazing Cube'/27692, uuid='43076271-da08-4d0a-8075-7fea174310b3', l='ServerLevel[world]', x=2474.95, y=34.00, z=2840.10, cpos=[154, 177], tl=15, v=true] died: Blazing Cube suffocated in a wall
[02:40:35] [Server thread/INFO]: alexisromors issued server command: /gmc
[02:40:37] [Server thread/INFO]: alexisromors issued server command: /g,s
[02:40:39] [Server thread/INFO]: alexisromors issued server command: /gms
[02:40:40] [Async Chat Thread - #6/INFO]: [Not Secure] <alexisromors> jaja
[02:40:42] [Server thread/INFO]: Named entity EntityMagmaCube['Blazing Cube'/27750, uuid='334b7db9-d499-4c81-a706-42ad018129ed', l='ServerLevel[world]', x=2517.78, y=26.00, z=2824.05, cpos=[157, 176], tl=131, v=false, removed=DISCARDED] died: Blazing Cube suffocated in a wall
[02:40:42] [Server thread/INFO]: Named entity EntityMagmaCube['Blazing Cube'/27850, uuid='ef38ec1d-37f6-4fdd-b595-acdba7a9b1ff', l='ServerLevel[world]', x=2517.41, y=26.50, z=2823.68, cpos=[157, 176], tl=1, v=true] died: Blazing Cube suffocated in a wall
[02:40:42] [Server thread/INFO]: Named entity EntityMagmaCube['Blazing Cube'/27851, uuid='b1f26f8c-5a4b-4d20-9efc-0e045bca4871', l='ServerLevel[world]', x=2518.16, y=26.50, z=2823.68, cpos=[157, 176], tl=1, v=true] died: Blazing Cube suffocated in a wall
[02:40:42] [Server thread/INFO]: Named entity EntityMagmaCube['Blazing Cube'/27852, uuid='28532873-4bf2-4711-aeb9-b0a4b7718f4b', l='ServerLevel[world]', x=2517.41, y=26.50, z=2824.43, cpos=[157, 176], tl=1, v=true] died: Blazing Cube suffocated in a wall
[02:40:42] [Server thread/INFO]: Named entity EntityMagmaCube['Blazing Cube'/27853, uuid='b8e84b54-35eb-4b95-9ea0-fcf1ea11c54f', l='ServerLevel[world]', x=2518.16, y=26.50, z=2824.43, cpos=[157, 176], tl=1, v=true] died: Blazing Cube suffocated in a wall
[02:40:53] [Server thread/INFO]: Mateo2009MC has made the advancement [Take Aim]
[02:40:58] [Server thread/INFO]: Named entity EntityMagmaCube['Blazing Cube'/27995, uuid='48aed48e-6674-4240-a989-3f4f4978b9b2', l='ServerLevel[world]', x=2407.08, y=-16.00, z=2807.22, cpos=[150, 175], tl=101, v=false, removed=DISCARDED] died: Blazing Cube suffocated in a wall
[02:40:58] [Server thread/INFO]: Named entity EntityMagmaCube['Blazing Cube'/28032, uuid='21f5579e-9e0c-493b-bf90-f9b1dda69538', l='ServerLevel[world]', x=2407.46, y=-15.50, z=2806.84, cpos=[150, 175], tl=1, v=true] died: Blazing Cube suffocated in a wall
[02:40:58] [Server thread/INFO]: Named entity EntityMagmaCube['Blazing Cube'/28034, uuid='49eeada9-ab62-4121-bf02-5cb1a567c895', l='ServerLevel[world]', x=2407.46, y=-15.50, z=2807.59, cpos=[150, 175], tl=1, v=true] died: Blazing Cube suffocated in a wall
[02:41:02] [Server thread/INFO]: Named entity EntityMagmaCube['Blazing Cube'/28012, uuid='9aff6e2e-1911-421d-b577-99961e20dbc5', l='ServerLevel[world]', x=2616.22, y=25.00, z=2639.94, cpos=[163, 164], tl=141, v=false, removed=DISCARDED] died: Blazing Cube suffocated in a wall
[02:41:02] [Server thread/INFO]: Named entity EntityMagmaCube['Blazing Cube'/28059, uuid='181b2dce-18a7-47d9-b9fd-5be16932b899', l='ServerLevel[world]', x=2615.84, y=25.50, z=2639.56, cpos=[163, 164], tl=1, v=true] died: Blazing Cube suffocated in a wall
[02:41:02] [Server thread/INFO]: Named entity EntityMagmaCube['Blazing Cube'/28060, uuid='708e723d-93a4-4fa4-bac2-90ed7d1a6907', l='ServerLevel[world]', x=2616.59, y=25.50, z=2639.56, cpos=[163, 164], tl=1, v=true] died: Blazing Cube suffocated in a wall
[02:41:40] [Server thread/INFO]: Named entity EntityMagmaCube['Blazing Cube'/28428, uuid='95f7422d-148f-4e6f-83f9-4478644caf68', l='ServerLevel[world]', x=2468.79, y=-34.00, z=2543.97, cpos=[154, 158], tl=111, v=false, removed=DISCARDED] died: Blazing Cube suffocated in a wall
[02:41:41] [Server thread/INFO]: Named entity EntityMagmaCube['Blazing Cube'/28473, uuid='22ddb675-782a-4aa0-a142-71f826367830', l='ServerLevel[world]', x=2468.41, y=-33.50, z=2543.60, cpos=[154, 158], tl=1, v=true] died: Blazing Cube suffocated in a wall
[02:41:41] [Server thread/INFO]: Named entity EntityMagmaCube['Blazing Cube'/28474, uuid='25123175-96b6-4f7d-bcc8-4a8b9cf6431f', l='ServerLevel[world]', x=2469.16, y=-33.50, z=2543.60, cpos=[154, 158], tl=1, v=true] died: Blazing Cube suffocated in a wall
[02:41:41] [Server thread/INFO]: Named entity EntityMagmaCube['Blazing Cube'/28475, uuid='31a687bc-b49a-40a9-953a-1ef8191f9da4', l='ServerLevel[world]', x=2468.41, y=-33.50, z=2544.35, cpos=[154, 159], tl=1, v=true] died: Blazing Cube suffocated in a wall
[02:41:44] [Server thread/INFO]: Villager EntityVillager['Butcher'/10376, uuid='69e55951-85f0-45b1-9281-6effd36ba9ef', l='ServerLevel[world]', x=2458.60, y=72.94, z=2739.82, cpos=[153, 171], tl=93713, v=true] died, message: 'Butcher was slain by Zombie'
[02:41:45] [Server thread/INFO]: alexisromors issued server command: /gmsp
